running egg_info
creating ../build/camera_pkg/camera_pkg.egg-info
writing ../build/camera_pkg/camera_pkg.egg-info/PKG-INFO
writing dependency_links to ../build/camera_pkg/camera_pkg.egg-info/dependency_links.txt
writing entry points to ../build/camera_pkg/camera_pkg.egg-info/entry_points.txt
writing requirements to ../build/camera_pkg/camera_pkg.egg-info/requires.txt
writing top-level names to ../build/camera_pkg/camera_pkg.egg-info/top_level.txt
writing manifest file '../build/camera_pkg/camera_pkg.egg-info/SOURCES.txt'
reading manifest file '../build/camera_pkg/camera_pkg.egg-info/SOURCES.txt'
writing manifest file '../build/camera_pkg/camera_pkg.egg-info/SOURCES.txt'
running build
running build_py
creating /home/yeachanokh/github/robotis-internship/src/build/camera_pkg/build
creating /home/yeachanokh/github/robotis-internship/src/build/camera_pkg/build/lib
creating /home/yeachanokh/github/robotis-internship/src/build/camera_pkg/build/lib/camera_pkg
copying camera_pkg/hand_detection.py -> /home/yeachanokh/github/robotis-internship/src/build/camera_pkg/build/lib/camera_pkg
copying camera_pkg/__init__.py -> /home/yeachanokh/github/robotis-internship/src/build/camera_pkg/build/lib/camera_pkg
running install
running install_lib
creating /home/yeachanokh/github/robotis-internship/src/install/camera_pkg/lib/python3.10/site-packages/camera_pkg
copying /home/yeachanokh/github/robotis-internship/src/build/camera_pkg/build/lib/camera_pkg/hand_detection.py -> /home/yeachanokh/github/robotis-internship/src/install/camera_pkg/lib/python3.10/site-packages/camera_pkg
copying /home/yeachanokh/github/robotis-internship/src/build/camera_pkg/build/lib/camera_pkg/__init__.py -> /home/yeachanokh/github/robotis-internship/src/install/camera_pkg/lib/python3.10/site-packages/camera_pkg
byte-compiling /home/yeachanokh/github/robotis-internship/src/install/camera_pkg/lib/python3.10/site-packages/camera_pkg/hand_detection.py to hand_detection.cpython-310.pyc
byte-compiling /home/yeachanokh/github/robotis-internship/src/install/camera_pkg/lib/python3.10/site-packages/camera_pkg/__init__.py to __init__.cpython-310.pyc
running install_data
creating /home/yeachanokh/github/robotis-internship/src/install/camera_pkg/share/ament_index
creating /home/yeachanokh/github/robotis-internship/src/install/camera_pkg/share/ament_index/resource_index
creating /home/yeachanokh/github/robotis-internship/src/install/camera_pkg/share/ament_index/resource_index/packages
copying resource/camera_pkg -> /home/yeachanokh/github/robotis-internship/src/install/camera_pkg/share/ament_index/resource_index/packages
copying package.xml -> /home/yeachanokh/github/robotis-internship/src/install/camera_pkg/share/camera_pkg
running install_egg_info
Copying ../build/camera_pkg/camera_pkg.egg-info to /home/yeachanokh/github/robotis-internship/src/install/camera_pkg/lib/python3.10/site-packages/camera_pkg-0.0.0-py3.10.egg-info
running install_scripts
writing list of installed files to '/home/yeachanokh/github/robotis-internship/src/build/camera_pkg/install.log'
