[0.441s] Invoking command in '/home/yeachanokh/github/robotis-internship/src/camera_pkg': PYTHONPATH=/home/yeachanokh/github/robotis-internship/src/build/camera_pkg/prefix_override:/usr/lib/python3/dist-packages/colcon_core/task/python/colcon_distutils_commands:/home/yeachanokh/github/robotis-internship/src/install/camera_pkg/lib/python3.10/site-packages:${PYTHONPATH} /usr/bin/python3 -W ignore:setup.py install is deprecated setup.py egg_info --egg-base ../build/camera_pkg build --build-base /home/yeachanokh/github/robotis-internship/src/build/camera_pkg/build install --record /home/yeachanokh/github/robotis-internship/src/build/camera_pkg/install.log --single-version-externally-managed install_data
[0.571s] running egg_info
[0.572s] creating ../build/camera_pkg/camera_pkg.egg-info
[0.573s] writing ../build/camera_pkg/camera_pkg.egg-info/PKG-INFO
[0.573s] writing dependency_links to ../build/camera_pkg/camera_pkg.egg-info/dependency_links.txt
[0.573s] writing entry points to ../build/camera_pkg/camera_pkg.egg-info/entry_points.txt
[0.573s] writing requirements to ../build/camera_pkg/camera_pkg.egg-info/requires.txt
[0.573s] writing top-level names to ../build/camera_pkg/camera_pkg.egg-info/top_level.txt
[0.573s] writing manifest file '../build/camera_pkg/camera_pkg.egg-info/SOURCES.txt'
[0.575s] reading manifest file '../build/camera_pkg/camera_pkg.egg-info/SOURCES.txt'
[0.575s] writing manifest file '../build/camera_pkg/camera_pkg.egg-info/SOURCES.txt'
[0.575s] running build
[0.575s] running build_py
[0.576s] creating /home/yeachanokh/github/robotis-internship/src/build/camera_pkg/build
[0.576s] creating /home/yeachanokh/github/robotis-internship/src/build/camera_pkg/build/lib
[0.576s] creating /home/yeachanokh/github/robotis-internship/src/build/camera_pkg/build/lib/camera_pkg
[0.576s] copying camera_pkg/hand_detection.py -> /home/yeachanokh/github/robotis-internship/src/build/camera_pkg/build/lib/camera_pkg
[0.577s] copying camera_pkg/__init__.py -> /home/yeachanokh/github/robotis-internship/src/build/camera_pkg/build/lib/camera_pkg
[0.577s] running install
[0.577s] running install_lib
[0.578s] creating /home/yeachanokh/github/robotis-internship/src/install/camera_pkg/lib/python3.10/site-packages/camera_pkg
[0.578s] copying /home/yeachanokh/github/robotis-internship/src/build/camera_pkg/build/lib/camera_pkg/hand_detection.py -> /home/yeachanokh/github/robotis-internship/src/install/camera_pkg/lib/python3.10/site-packages/camera_pkg
[0.578s] copying /home/yeachanokh/github/robotis-internship/src/build/camera_pkg/build/lib/camera_pkg/__init__.py -> /home/yeachanokh/github/robotis-internship/src/install/camera_pkg/lib/python3.10/site-packages/camera_pkg
[0.578s] byte-compiling /home/yeachanokh/github/robotis-internship/src/install/camera_pkg/lib/python3.10/site-packages/camera_pkg/hand_detection.py to hand_detection.cpython-310.pyc
[0.579s] byte-compiling /home/yeachanokh/github/robotis-internship/src/install/camera_pkg/lib/python3.10/site-packages/camera_pkg/__init__.py to __init__.cpython-310.pyc
[0.579s] running install_data
[0.579s] creating /home/yeachanokh/github/robotis-internship/src/install/camera_pkg/share/ament_index
[0.580s] creating /home/yeachanokh/github/robotis-internship/src/install/camera_pkg/share/ament_index/resource_index
[0.580s] creating /home/yeachanokh/github/robotis-internship/src/install/camera_pkg/share/ament_index/resource_index/packages
[0.580s] copying resource/camera_pkg -> /home/yeachanokh/github/robotis-internship/src/install/camera_pkg/share/ament_index/resource_index/packages
[0.580s] copying package.xml -> /home/yeachanokh/github/robotis-internship/src/install/camera_pkg/share/camera_pkg
[0.580s] running install_egg_info
[0.581s] Copying ../build/camera_pkg/camera_pkg.egg-info to /home/yeachanokh/github/robotis-internship/src/install/camera_pkg/lib/python3.10/site-packages/camera_pkg-0.0.0-py3.10.egg-info
[0.582s] running install_scripts
[0.596s] writing list of installed files to '/home/yeachanokh/github/robotis-internship/src/build/camera_pkg/install.log'
[0.615s] Invoked command in '/home/yeachanokh/github/robotis-internship/src/camera_pkg' returned '0': PYTHONPATH=/home/yeachanokh/github/robotis-internship/src/build/camera_pkg/prefix_override:/usr/lib/python3/dist-packages/colcon_core/task/python/colcon_distutils_commands:/home/yeachanokh/github/robotis-internship/src/install/camera_pkg/lib/python3.10/site-packages:${PYTHONPATH} /usr/bin/python3 -W ignore:setup.py install is deprecated setup.py egg_info --egg-base ../build/camera_pkg build --build-base /home/yeachanokh/github/robotis-internship/src/build/camera_pkg/build install --record /home/yeachanokh/github/robotis-internship/src/build/camera_pkg/install.log --single-version-externally-managed install_data
