[0.347s] Invoking command in '/home/yeachanokh/github/robotis-internship/src/camera_pkg': PYTHONPATH=/home/yeachanokh/github/robotis-internship/src/build/camera_pkg/prefix_override:/usr/lib/python3/dist-packages/colcon_core/task/python/colcon_distutils_commands:/home/yeachanokh/github/robotis-internship/src/install/camera_pkg/lib/python3.10/site-packages:${PYTHONPATH} /usr/bin/python3 -W ignore:setup.py install is deprecated setup.py egg_info --egg-base ../build/camera_pkg build --build-base /home/yeachanokh/github/robotis-internship/src/build/camera_pkg/build install --record /home/yeachanokh/github/robotis-internship/src/build/camera_pkg/install.log --single-version-externally-managed install_data
[0.475s] running egg_info
[0.476s] writing ../build/camera_pkg/camera_pkg.egg-info/PKG-INFO
[0.476s] writing dependency_links to ../build/camera_pkg/camera_pkg.egg-info/dependency_links.txt
[0.476s] writing entry points to ../build/camera_pkg/camera_pkg.egg-info/entry_points.txt
[0.476s] writing requirements to ../build/camera_pkg/camera_pkg.egg-info/requires.txt
[0.477s] writing top-level names to ../build/camera_pkg/camera_pkg.egg-info/top_level.txt
[0.478s] reading manifest file '../build/camera_pkg/camera_pkg.egg-info/SOURCES.txt'
[0.479s] writing manifest file '../build/camera_pkg/camera_pkg.egg-info/SOURCES.txt'
[0.479s] running build
[0.479s] running build_py
[0.479s] running install
[0.479s] running install_lib
[0.480s] running install_data
[0.480s] running install_egg_info
[0.482s] removing '/home/yeachanokh/github/robotis-internship/src/install/camera_pkg/lib/python3.10/site-packages/camera_pkg-0.0.0-py3.10.egg-info' (and everything under it)
[0.483s] Copying ../build/camera_pkg/camera_pkg.egg-info to /home/yeachanokh/github/robotis-internship/src/install/camera_pkg/lib/python3.10/site-packages/camera_pkg-0.0.0-py3.10.egg-info
[0.484s] running install_scripts
[0.498s] writing list of installed files to '/home/yeachanokh/github/robotis-internship/src/build/camera_pkg/install.log'
[0.520s] Invoked command in '/home/yeachanokh/github/robotis-internship/src/camera_pkg' returned '0': PYTHONPATH=/home/yeachanokh/github/robotis-internship/src/build/camera_pkg/prefix_override:/usr/lib/python3/dist-packages/colcon_core/task/python/colcon_distutils_commands:/home/yeachanokh/github/robotis-internship/src/install/camera_pkg/lib/python3.10/site-packages:${PYTHONPATH} /usr/bin/python3 -W ignore:setup.py install is deprecated setup.py egg_info --egg-base ../build/camera_pkg build --build-base /home/yeachanokh/github/robotis-internship/src/build/camera_pkg/build install --record /home/yeachanokh/github/robotis-internship/src/build/camera_pkg/install.log --single-version-externally-managed install_data
